2025/12/28 20:05:23 Connected to Database
2025/12/28 20:05:23 Database Migrated
2025/12/28 20:05:23 [AUTH] Attempting to initialize superadmin from environment: korobprog@gmail.com
2025/12/28 20:05:23 [AUTH] User korobprog@gmail.com found. Updating role to superadmin and syncing password.
2025/12/28 20:05:23 [Scheduler] Service initialized
2025/12/28 20:05:23 [Scheduler] Restoring state: Enabled, Interval=60 minutes
2025/12/28 20:05:23 [Scheduler] Started with interval 60 minutes
2025/12/28 20:05:23 [Scheduler] Running auto-optimization task
2025/12/28 20:05:23 Registering /api/messages routes...
2025/12/28 20:05:23 Routes registered.
2025/12/28 20:05:23 Server starting on port :8081

 â”Œâ”€â”€â”€â”€â”€â”€â”€â”€â”€â”€â”€â”€â”€â”€â”€â”€â”€â”€â”€â”€â”€â”€â”€â”€â”€â”€â”€â”€â”€â”€â”€â”€â”€â”€â”€â”€â”€â”€â”€â”€â”€â”€â”€â”€â”€â”€â”€â”€â”€â”€â”€â” 
 â”‚                   Fiber v2.52.0                   â”‚ 
 â”‚               http://127.0.0.1:8081               â”‚ 
 â”‚       (bound on host 0.0.0.0 and port 8081)       â”‚ 
 â”‚                                                   â”‚ 
 â”‚ Handlers ............ 88  Processes ........... 1 â”‚ 
 â”‚ Prefork ....... Disabled  PID ............ 772491 â”‚ 
 â””â”€â”€â”€â”€â”€â”€â”€â”€â”€â”€â”€â”€â”€â”€â”€â”€â”€â”€â”€â”€â”€â”€â”€â”€â”€â”€â”€â”€â”€â”€â”€â”€â”€â”€â”€â”€â”€â”€â”€â”€â”€â”€â”€â”€â”€â”€â”€â”€â”€â”€â”€â”˜ 

2025/12/28 20:05:24 [Auth] WARNING: Protected middleware bypassing auth for recovery
20:05:23 | 101 |      94.375Âµs | 127.0.0.1 | GET | /api/ws/9 | -

2025/12/28 20:05:52 [32m/home/maxim/Documents/Rag-agent/server/internal/handlers/ai_handler.go:365 [33mSLOW SQL >= 200ms
[0m[31;1m[336.473ms] [33m[rows:1][35m UPDATE "ai_models" SET "last_response_time"=28562,"last_test_status"='online',"updated_at"='2025-12-28 20:05:52.372' WHERE id = 142 AND "ai_models"."deleted_at" IS NULL[0m

2025/12/28 20:05:54 [32m/home/maxim/Documents/Rag-agent/server/internal/handlers/ai_handler.go:365 [33mSLOW SQL >= 200ms
[0m[31;1m[208.942ms] [33m[rows:1][35m UPDATE "ai_models" SET "last_response_time"=30067,"last_test_status"='online',"updated_at"='2025-12-28 20:05:53.877' WHERE id = 154 AND "ai_models"."deleted_at" IS NULL[0m
signal: killed
