2025/12/28 19:16:37 Connected to Database
2025/12/28 19:16:37 Database Migrated
2025/12/28 19:16:37 [AUTH] Attempting to initialize superadmin from environment: korobprog@gmail.com
2025/12/28 19:16:38 [AUTH] User korobprog@gmail.com found. Updating role to superadmin and syncing password.
2025/12/28 19:16:38 [Scheduler] Service initialized
2025/12/28 19:16:38 [Scheduler] Restoring state: Enabled, Interval=60 minutes
2025/12/28 19:16:38 [Scheduler] Started with interval 60 minutes
2025/12/28 19:16:38 Registering /api/messages routes...
2025/12/28 19:16:38 [Scheduler] Running auto-optimization task
2025/12/28 19:16:38 Routes registered.
2025/12/28 19:16:38 Server starting on port :8081

 â”Œâ”€â”€â”€â”€â”€â”€â”€â”€â”€â”€â”€â”€â”€â”€â”€â”€â”€â”€â”€â”€â”€â”€â”€â”€â”€â”€â”€â”€â”€â”€â”€â”€â”€â”€â”€â”€â”€â”€â”€â”€â”€â”€â”€â”€â”€â”€â”€â”€â”€â”€â”€â” 
 â”‚                   Fiber v2.52.0                   â”‚ 
 â”‚               http://127.0.0.1:8081               â”‚ 
 â”‚       (bound on host 0.0.0.0 and port 8081)       â”‚ 
 â”‚                                                   â”‚ 
 â”‚ Handlers ............ 88  Processes ........... 1 â”‚ 
 â”‚ Prefork ....... Disabled  PID ............ 718814 â”‚ 
 â””â”€â”€â”€â”€â”€â”€â”€â”€â”€â”€â”€â”€â”€â”€â”€â”€â”€â”€â”€â”€â”€â”€â”€â”€â”€â”€â”€â”€â”€â”€â”€â”€â”€â”€â”€â”€â”€â”€â”€â”€â”€â”€â”€â”€â”€â”€â”€â”€â”€â”€â”€â”˜ 

2025/12/28 19:16:39 [Auth] WARNING: Protected middleware bypassing auth for recovery
19:16:39 | 101 |      95.377Âµs | 127.0.0.1 | GET | /api/ws/9 | -

2025/12/28 19:16:54 [32m/home/maxim/Documents/Rag-agent/server/internal/handlers/ai_handler.go:365 [33mSLOW SQL >= 200ms
[0m[31;1m[218.597ms] [33m[rows:1][35m UPDATE "ai_models" SET "last_response_time"=16567,"last_test_status"='online',"updated_at"='2025-12-28 19:16:54.664' WHERE id = 119 AND "ai_models"."deleted_at" IS NULL[0m

2025/12/28 19:16:56 [32m/home/maxim/Documents/Rag-agent/server/internal/handlers/ai_handler.go:365 [33mSLOW SQL >= 200ms
[0m[31;1m[237.569ms] [33m[rows:1][35m UPDATE "ai_models" SET "last_response_time"=18292,"last_test_status"='online',"updated_at"='2025-12-28 19:16:56.387' WHERE id = 115 AND "ai_models"."deleted_at" IS NULL[0m
signal: killed
