2025/12/28 20:45:19 Connected to Database
2025/12/28 20:45:20 Database Migrated
2025/12/28 20:45:20 [AUTH] Attempting to initialize superadmin from environment: korobprog@gmail.com
2025/12/28 20:45:20 [AUTH] User korobprog@gmail.com found. Updating role to superadmin and syncing password.
2025/12/28 20:45:20 [Scheduler] Service initialized
2025/12/28 20:45:20 [Scheduler] Restoring state: Enabled, Interval=60 minutes
2025/12/28 20:45:20 [Scheduler] Started with interval 60 minutes
2025/12/28 20:45:20 Registering /api/messages routes...
2025/12/28 20:45:20 [Scheduler] Running auto-optimization task
2025/12/28 20:45:20 Routes registered.
2025/12/28 20:45:20 Server starting on port :8081

 â”Œâ”€â”€â”€â”€â”€â”€â”€â”€â”€â”€â”€â”€â”€â”€â”€â”€â”€â”€â”€â”€â”€â”€â”€â”€â”€â”€â”€â”€â”€â”€â”€â”€â”€â”€â”€â”€â”€â”€â”€â”€â”€â”€â”€â”€â”€â”€â”€â”€â”€â”€â”€â” 
 â”‚                   Fiber v2.52.0                   â”‚ 
 â”‚               http://127.0.0.1:8081               â”‚ 
 â”‚       (bound on host 0.0.0.0 and port 8081)       â”‚ 
 â”‚                                                   â”‚ 
 â”‚ Handlers ............ 88  Processes ........... 1 â”‚ 
 â”‚ Prefork ....... Disabled  PID ............ 808321 â”‚ 
 â””â”€â”€â”€â”€â”€â”€â”€â”€â”€â”€â”€â”€â”€â”€â”€â”€â”€â”€â”€â”€â”€â”€â”€â”€â”€â”€â”€â”€â”€â”€â”€â”€â”€â”€â”€â”€â”€â”€â”€â”€â”€â”€â”€â”€â”€â”€â”€â”€â”€â”€â”€â”˜ 

2025/12/28 20:45:21 [Auth] WARNING: Protected middleware bypassing auth for recovery
20:45:21 | 101 |      87.989Âµs | 127.0.0.1 | GET | /api/ws/9 | -

2025/12/28 20:45:38 [32m/home/maxim/Documents/Rag-agent/server/internal/handlers/ai_handler.go:365 [33mSLOW SQL >= 200ms
[0m[31;1m[3844.942ms] [33m[rows:1][35m UPDATE "ai_models" SET "last_response_time"=14107,"last_test_status"='online',"updated_at"='2025-12-28 20:45:34.507' WHERE id = 99 AND "ai_models"."deleted_at" IS NULL[0m

2025/12/28 20:45:38 [32m/home/maxim/Documents/Rag-agent/server/internal/handlers/ai_handler.go:365 [33mSLOW SQL >= 200ms
[0m[31;1m[3493.292ms] [33m[rows:1][35m UPDATE "ai_models" SET "last_response_time"=14461,"last_test_status"='online',"updated_at"='2025-12-28 20:45:34.859' WHERE id = 95 AND "ai_models"."deleted_at" IS NULL[0m

2025/12/28 20:45:38 [32m/home/maxim/Documents/Rag-agent/server/internal/handlers/ai_handler.go:365 [33mSLOW SQL >= 200ms
[0m[31;1m[3464.110ms] [33m[rows:1][35m UPDATE "ai_models" SET "last_response_time"=14490,"last_test_status"='online',"updated_at"='2025-12-28 20:45:34.89' WHERE id = 106 AND "ai_models"."deleted_at" IS NULL[0m

2025/12/28 20:45:38 [32m/home/maxim/Documents/Rag-agent/server/internal/handlers/ai_handler.go:365 [33mSLOW SQL >= 200ms
[0m[31;1m[3631.466ms] [33m[rows:1][35m UPDATE "ai_models" SET "last_response_time"=14322,"last_test_status"='online',"updated_at"='2025-12-28 20:45:34.723' WHERE id = 102 AND "ai_models"."deleted_at" IS NULL[0m

2025/12/28 20:45:38 [32m/home/maxim/Documents/Rag-agent/server/internal/handlers/ai_handler.go:365 [33mSLOW SQL >= 200ms
[0m[31;1m[2076.442ms] [33m[rows:1][35m UPDATE "ai_models" SET "last_response_time"=15876,"last_test_status"='online',"updated_at"='2025-12-28 20:45:36.276' WHERE id = 126 AND "ai_models"."deleted_at" IS NULL[0m

2025/12/28 20:45:38 [32m/home/maxim/Documents/Rag-agent/server/internal/handlers/ai_handler.go:365 [33mSLOW SQL >= 200ms
[0m[31;1m[4920.439ms] [33m[rows:1][35m UPDATE "ai_models" SET "last_response_time"=13033,"last_test_status"='online',"updated_at"='2025-12-28 20:45:33.425' WHERE id = 120 AND "ai_models"."deleted_at" IS NULL[0m

2025/12/28 20:45:38 [32m/home/maxim/Documents/Rag-agent/server/internal/handlers/ai_handler.go:365 [33mSLOW SQL >= 200ms
[0m[31;1m[3833.165ms] [33m[rows:1][35m UPDATE "ai_models" SET "last_response_time"=14121,"last_test_status"='online',"updated_at"='2025-12-28 20:45:34.519' WHERE id = 100 AND "ai_models"."deleted_at" IS NULL[0m

2025/12/28 20:45:38 [32m/home/maxim/Documents/Rag-agent/server/internal/handlers/ai_handler.go:365 [33mSLOW SQL >= 200ms
[0m[31;1m[2225.851ms] [33m[rows:1][35m UPDATE "ai_models" SET "last_response_time"=15728,"last_test_status"='online',"updated_at"='2025-12-28 20:45:36.126' WHERE id = 103 AND "ai_models"."deleted_at" IS NULL[0m

2025/12/28 20:45:38 [32m/home/maxim/Documents/Rag-agent/server/internal/handlers/ai_handler.go:365 [33mSLOW SQL >= 200ms
[0m[31;1m[1741.428ms] [33m[rows:1][35m UPDATE "ai_models" SET "last_response_time"=16210,"last_test_status"='online',"updated_at"='2025-12-28 20:45:36.61' WHERE id = 101 AND "ai_models"."deleted_at" IS NULL[0m

2025/12/28 20:45:38 [32m/home/maxim/Documents/Rag-agent/server/internal/handlers/ai_handler.go:365 [33mSLOW SQL >= 200ms
[0m[31;1m[1767.766ms] [33m[rows:1][35m UPDATE "ai_models" SET "last_response_time"=16185,"last_test_status"='online',"updated_at"='2025-12-28 20:45:36.584' WHERE id = 104 AND "ai_models"."deleted_at" IS NULL[0m

2025/12/28 20:45:38 [32m/home/maxim/Documents/Rag-agent/server/internal/handlers/ai_handler.go:365 [33mSLOW SQL >= 200ms
[0m[31;1m[1924.096ms] [33m[rows:1][35m UPDATE "ai_models" SET "last_response_time"=16028,"last_test_status"='online',"updated_at"='2025-12-28 20:45:36.427' WHERE id = 158 AND "ai_models"."deleted_at" IS NULL[0m

2025/12/28 20:45:38 [32m/home/maxim/Documents/Rag-agent/server/internal/handlers/ai_handler.go:365 [33mSLOW SQL >= 200ms
[0m[31;1m[1948.421ms] [33m[rows:1][35m UPDATE "ai_models" SET "last_response_time"=16006,"last_test_status"='online',"updated_at"='2025-12-28 20:45:36.404' WHERE id = 98 AND "ai_models"."deleted_at" IS NULL[0m

2025/12/28 20:45:38 [32m/home/maxim/Documents/Rag-agent/server/internal/handlers/ai_handler.go:365 [33mSLOW SQL >= 200ms
[0m[31;1m[1991.568ms] [33m[rows:1][35m UPDATE "ai_models" SET "last_response_time"=15960,"last_test_status"='online',"updated_at"='2025-12-28 20:45:36.36' WHERE id = 91 AND "ai_models"."deleted_at" IS NULL[0m

2025/12/28 20:45:38 [32m/home/maxim/Documents/Rag-agent/server/internal/handlers/ai_handler.go:365 [33mSLOW SQL >= 200ms
[0m[31;1m[3621.738ms] [33m[rows:1][35m UPDATE "ai_models" SET "last_response_time"=14330,"last_test_status"='online',"updated_at"='2025-12-28 20:45:34.73' WHERE id = 165 AND "ai_models"."deleted_at" IS NULL[0m

2025/12/28 20:45:38 [32m/home/maxim/Documents/Rag-agent/server/internal/handlers/ai_handler.go:365 [33mSLOW SQL >= 200ms
[0m[31;1m[2147.525ms] [33m[rows:1][35m UPDATE "ai_models" SET "last_response_time"=15806,"last_test_status"='online',"updated_at"='2025-12-28 20:45:36.204' WHERE id = 92 AND "ai_models"."deleted_at" IS NULL[0m

2025/12/28 20:45:38 [32m/home/maxim/Documents/Rag-agent/server/internal/handlers/ai_handler.go:365 [33mSLOW SQL >= 200ms
[0m[31;1m[2570.923ms] [33m[rows:1][35m UPDATE "ai_models" SET "last_response_time"=15382,"last_test_status"='online',"updated_at"='2025-12-28 20:45:35.781' WHERE id = 97 AND "ai_models"."deleted_at" IS NULL[0m

2025/12/28 20:45:38 [32m/home/maxim/Documents/Rag-agent/server/internal/handlers/ai_handler.go:365 [33mSLOW SQL >= 200ms
[0m[31;1m[2984.738ms] [33m[rows:1][35m UPDATE "ai_models" SET "last_response_time"=14969,"last_test_status"='online',"updated_at"='2025-12-28 20:45:35.367' WHERE id = 93 AND "ai_models"."deleted_at" IS NULL[0m

2025/12/28 20:45:38 [32m/home/maxim/Documents/Rag-agent/server/internal/handlers/ai_handler.go:365 [33mSLOW SQL >= 200ms
[0m[31;1m[3965.471ms] [33m[rows:1][35m UPDATE "ai_models" SET "last_response_time"=13989,"last_test_status"='online',"updated_at"='2025-12-28 20:45:34.387' WHERE id = 107 AND "ai_models"."deleted_at" IS NULL[0m

2025/12/28 20:45:38 [32m/home/maxim/Documents/Rag-agent/server/internal/handlers/ai_handler.go:365 [33mSLOW SQL >= 200ms
[0m[31;1m[2807.661ms] [33m[rows:1][35m UPDATE "ai_models" SET "last_response_time"=15144,"last_test_status"='online',"updated_at"='2025-12-28 20:45:35.544' WHERE id = 105 AND "ai_models"."deleted_at" IS NULL[0m

2025/12/28 20:45:38 [32m/home/maxim/Documents/Rag-agent/server/internal/handlers/ai_handler.go:365 [33mSLOW SQL >= 200ms
[0m[31;1m[2303.371ms] [33m[rows:1][35m UPDATE "ai_models" SET "last_response_time"=15651,"last_test_status"='online',"updated_at"='2025-12-28 20:45:36.049' WHERE id = 96 AND "ai_models"."deleted_at" IS NULL[0m

2025/12/28 20:45:38 [32m/home/maxim/Documents/Rag-agent/server/internal/handlers/ai_handler.go:365 [33mSLOW SQL >= 200ms
[0m[31;1m[1445.810ms] [33m[rows:1][35m UPDATE "ai_models" SET "last_response_time"=16534,"last_test_status"='online',"updated_at"='2025-12-28 20:45:38.363' WHERE id = 146 AND "ai_models"."deleted_at" IS NULL[0m

2025/12/28 20:45:38 [32m/home/maxim/Documents/Rag-agent/server/internal/handlers/ai_handler.go:365 [33mSLOW SQL >= 200ms
[0m[31;1m[911.363ms] [33m[rows:1][35m UPDATE "ai_models" SET "last_response_time"=17078,"last_test_status"='online',"updated_at"='2025-12-28 20:45:38.369' WHERE id = 157 AND "ai_models"."deleted_at" IS NULL[0m

2025/12/28 20:45:38 [32m/home/maxim/Documents/Rag-agent/server/internal/handlers/ai_handler.go:365 [33mSLOW SQL >= 200ms
[0m[31;1m[1740.973ms] [33m[rows:1][35m UPDATE "ai_models" SET "last_response_time"=16248,"last_test_status"='online',"updated_at"='2025-12-28 20:45:38.37' WHERE id = 141 AND "ai_models"."deleted_at" IS NULL[0m

2025/12/28 20:45:38 [32m/home/maxim/Documents/Rag-agent/server/internal/handlers/ai_handler.go:365 [33mSLOW SQL >= 200ms
[0m[31;1m[1268.028ms] [33m[rows:1][35m UPDATE "ai_models" SET "last_response_time"=16719,"last_test_status"='online',"updated_at"='2025-12-28 20:45:38.365' WHERE id = 94 AND "ai_models"."deleted_at" IS NULL[0m

2025/12/28 20:45:38 [32m/home/maxim/Documents/Rag-agent/server/internal/handlers/ai_handler.go:365 [33mSLOW SQL >= 200ms
[0m[31;1m[638.260ms] [33m[rows:1][35m UPDATE "ai_models" SET "last_response_time"=17348,"last_test_status"='online',"updated_at"='2025-12-28 20:45:38.368' WHERE id = 166 AND "ai_models"."deleted_at" IS NULL[0m

2025/12/28 20:45:38 [32m/home/maxim/Documents/Rag-agent/server/internal/handlers/ai_handler.go:365 [33mSLOW SQL >= 200ms
[0m[31;1m[1145.310ms] [33m[rows:1][35m UPDATE "ai_models" SET "last_response_time"=16843,"last_test_status"='online',"updated_at"='2025-12-28 20:45:38.369' WHERE id = 175 AND "ai_models"."deleted_at" IS NULL[0m

2025/12/28 20:45:38 [32m/home/maxim/Documents/Rag-agent/server/internal/handlers/ai_handler.go:365 [33mSLOW SQL >= 200ms
[0m[31;1m[953.051ms] [33m[rows:1][35m UPDATE "ai_models" SET "last_response_time"=17033,"last_test_status"='online',"updated_at"='2025-12-28 20:45:38.37' WHERE id = 149 AND "ai_models"."deleted_at" IS NULL[0m

2025/12/28 20:45:43 [32m/home/maxim/Documents/Rag-agent/server/internal/handlers/ai_handler.go:365 [33mSLOW SQL >= 200ms
[0m[31;1m[322.895ms] [33m[rows:1][35m UPDATE "ai_models" SET "last_response_time"=23206,"last_test_status"='online',"updated_at"='2025-12-28 20:45:43.6' WHERE id = 160 AND "ai_models"."deleted_at" IS NULL[0m

2025/12/28 20:45:46 [32m/home/maxim/Documents/Rag-agent/server/internal/handlers/ai_handler.go:365 [33mSLOW SQL >= 200ms
[0m[31;1m[244.280ms] [33m[rows:1][35m UPDATE "ai_models" SET "last_response_time"=26021,"last_test_status"='online',"updated_at"='2025-12-28 20:45:46.414' WHERE id = 119 AND "ai_models"."deleted_at" IS NULL[0m

2025/12/28 20:45:46 [32m/home/maxim/Documents/Rag-agent/server/internal/handlers/ai_handler.go:365 [33mSLOW SQL >= 200ms
[0m[31;1m[291.397ms] [33m[rows:1][35m UPDATE "ai_models" SET "last_response_time"=25974,"last_test_status"='online',"updated_at"='2025-12-28 20:45:46.367' WHERE id = 148 AND "ai_models"."deleted_at" IS NULL[0m

2025/12/28 20:45:54 [32m/home/maxim/Documents/Rag-agent/server/internal/handlers/ai_handler.go:365 [33mSLOW SQL >= 200ms
[0m[31;1m[239.850ms] [33m[rows:1][35m UPDATE "ai_models" SET "last_response_time"=33427,"last_test_status"='online',"updated_at"='2025-12-28 20:45:53.822' WHERE id = 172 AND "ai_models"."deleted_at" IS NULL[0m

2025/12/28 20:46:03 [32m/home/maxim/Documents/Rag-agent/server/internal/handlers/ai_handler.go:365 [33mSLOW SQL >= 200ms
[0m[31;1m[469.810ms] [33m[rows:1][35m UPDATE "ai_models" SET "last_response_time"=42904,"last_test_status"='online',"updated_at"='2025-12-28 20:46:03.297' WHERE id = 142 AND "ai_models"."deleted_at" IS NULL[0m
signal: killed
